I, [2020-07-21T16:22:21.712557 #16252]  INFO -- : Registered expected interaction GET /api/users/1
D, [2020-07-21T16:22:21.712557 #16252] DEBUG -- : {
  "description": "a request to GET a user",
  "providerState": "user 1 exists",
  "request": {
    "method": "GET",
    "path": "/api/users/1"
  },
  "response": {
    "status": 200,
    "headers": {
    },
    "body": {
      "json_class": "Pact::SomethingLike",
      "contents": {
        "email": "tay.ta@axonactive.com",
        "firstName": "Tay",
        "lastName": "Ta"
      }
    }
  },
  "metadata": null
}
I, [2020-07-21T16:22:21.799295 #16252]  INFO -- : Received request GET /api/users/1
D, [2020-07-21T16:22:21.799295 #16252] DEBUG -- : {
  "path": "/api/users/1",
  "query": "",
  "method": "get",
  "headers": {
    "Accept": "application/json, text/plain, */*",
    "Referer": "http://localhost:1234/",
    "User-Agent": "Mozilla/5.0 (win32) AppleWebKit/537.36 (KHTML, like Gecko) jsdom/16.3.0",
    "Accept-Language": "en",
    "Host": "localhost:1234",
    "Accept-Encoding": "gzip, deflate",
    "Connection": "keep-alive",
    "Version": "HTTP/1.1"
  }
}
I, [2020-07-21T16:22:21.799295 #16252]  INFO -- : Found matching response for GET /api/users/1
D, [2020-07-21T16:22:21.800292 #16252] DEBUG -- : {
  "status": 200,
  "headers": {
  },
  "body": {
    "json_class": "Pact::SomethingLike",
    "contents": {
      "email": "tay.ta@axonactive.com",
      "firstName": "Tay",
      "lastName": "Ta"
    }
  }
}
I, [2020-07-21T16:22:21.835422 #16252]  INFO -- : Verifying - interactions matched
I, [2020-07-21T16:22:21.846392 #16252]  INFO -- : Cleared interactions
I, [2020-07-21T16:22:21.863347 #16252]  INFO -- : Registered expected interaction POST /api/users
D, [2020-07-21T16:22:21.863347 #16252] DEBUG -- : {
  "description": "a request to POST a user",
  "providerState": "provider accepts a new user",
  "request": {
    "method": "POST",
    "path": "/api/users",
    "headers": {
      "Content-Type": "application/json"
    },
    "body": {
      "email": "tay.ta@axonactive.com",
      "firstName": "Tay",
      "lastName": "Ta"
    }
  },
  "response": {
    "status": 201,
    "headers": {
      "Content-Type": "application/json"
    },
    "body": {
      "json_class": "Pact::SomethingLike",
      "contents": {
        "id": 2
      }
    }
  },
  "metadata": null
}
I, [2020-07-21T16:22:21.916365 #16252]  INFO -- : Received request POST /api/users
D, [2020-07-21T16:22:21.916365 #16252] DEBUG -- : {
  "path": "/api/users",
  "query": "",
  "method": "post",
  "body": {
    "email": "tay.ta@axonactive.com",
    "firstName": "Tay",
    "lastName": "Ta"
  },
  "headers": {
    "Content-Length": "67",
    "Content-Type": "application/json",
    "Accept": "application/json, text/plain, */*",
    "Referer": "http://localhost:1234/",
    "User-Agent": "Mozilla/5.0 (win32) AppleWebKit/537.36 (KHTML, like Gecko) jsdom/16.3.0",
    "Accept-Language": "en",
    "Host": "localhost:1234",
    "Accept-Encoding": "gzip, deflate",
    "Connection": "keep-alive",
    "Version": "HTTP/1.1"
  }
}
I, [2020-07-21T16:22:21.916365 #16252]  INFO -- : Found matching response for POST /api/users
D, [2020-07-21T16:22:21.917362 #16252] DEBUG -- : {
  "status": 201,
  "headers": {
    "Content-Type": "application/json"
  },
  "body": {
    "json_class": "Pact::SomethingLike",
    "contents": {
      "id": 2
    }
  }
}
I, [2020-07-21T16:22:21.937353 #16252]  INFO -- : Verifying - interactions matched
I, [2020-07-21T16:22:21.947325 #16252]  INFO -- : Cleared interactions
I, [2020-07-21T16:22:21.960292 #16252]  INFO -- : Writing pact for userservice to C:/DATA/pacts/ui-jest-userservice.json
